<?xml version="1.0" encoding="UTF-8"?>
<!-- Generated by org.testng.reporters.JUnitReportReporter -->
<testsuite skipped="0" hostname="LAPTOP-J3FRUKGM" name="variousConcepts.CRMTest" tests="1" failures="0" timestamp="2022-02-10T11:04:03 CST" time="10.562" errors="0">
  <testcase name="addContact" time="10.562" classname="variousConcepts.CRMTest"/>
  <system-out/>
</testsuite> <!-- variousConcepts.CRMTest -->
